Build started 3/29/2012 2:30:21 PM.
     1>Project "c:\Users\Rob\documents\visual studio 2010\Projects\opengl\opengl\opengl.vcxproj" on node 2 (build target(s)).
     1>InitializeBuildStatus:
         Touching "Debug\opengl.unsuccessfulbuild".
       ClCompile:
         All outputs are up-to-date.
       ManifestResourceCompile:
         All outputs are up-to-date.
       Link:
         C:\Program Files (x86)\Microsoft Visual Studio 10.0\VC\bin\link.exe /ERRORREPORT:PROMPT /OUT:"c:\users\rob\documents\visual studio 2010\Projects\opengl\Debug\opengl.exe" /INCREMENTAL /NOLOGO opengl32.lib glu32.lib kernel32.lib user32.lib gdi32.lib winspool.lib comdlg32.lib advapi32.lib shell32.lib ole32.lib oleaut32.lib uuid.lib odbc32.lib odbccp32.lib /MANIFEST /ManifestFile:"Debug\opengl.exe.intermediate.manifest" /MANIFESTUAC:"level='asInvoker' uiAccess='false'" /DEBUG /PDB:"c:\users\rob\documents\visual studio 2010\Projects\opengl\Debug\opengl.pdb" /SUBSYSTEM:WINDOWS /TLBID:1 /DYNAMICBASE /NXCOMPAT /IMPLIB:"c:\users\rob\documents\visual studio 2010\Projects\opengl\Debug\opengl.lib" /MACHINE:X86 Debug\opengl.exe.embed.manifest.res
         Debug\opengl.obj
       Manifest:
         C:\Program Files (x86)\Microsoft SDKs\Windows\v7.0A\bin\mt.exe /nologo /verbose /out:"Debug\opengl.exe.embed.manifest" /manifest Debug\opengl.exe.intermediate.manifest
         C:\Program Files (x86)\Microsoft SDKs\Windows\v7.0A\bin\rc.exe /nologo /fo"Debug\opengl.exe.embed.manifest.res" Debug\opengl_manifest.rc 
       LinkEmbedManifest:
         C:\Program Files (x86)\Microsoft Visual Studio 10.0\VC\bin\link.exe /ERRORREPORT:PROMPT /OUT:"c:\users\rob\documents\visual studio 2010\Projects\opengl\Debug\opengl.exe" /INCREMENTAL /NOLOGO opengl32.lib glu32.lib kernel32.lib user32.lib gdi32.lib winspool.lib comdlg32.lib advapi32.lib shell32.lib ole32.lib oleaut32.lib uuid.lib odbc32.lib odbccp32.lib /MANIFEST /ManifestFile:"Debug\opengl.exe.intermediate.manifest" /MANIFESTUAC:"level='asInvoker' uiAccess='false'" /DEBUG /PDB:"c:\users\rob\documents\visual studio 2010\Projects\opengl\Debug\opengl.pdb" /SUBSYSTEM:WINDOWS /TLBID:1 /DYNAMICBASE /NXCOMPAT /IMPLIB:"c:\users\rob\documents\visual studio 2010\Projects\opengl\Debug\opengl.lib" /MACHINE:X86 Debug\opengl.exe.embed.manifest.res
         Debug\opengl.obj
         opengl.vcxproj -> c:\users\rob\documents\visual studio 2010\Projects\opengl\Debug\opengl.exe
       FinalizeBuildStatus:
         Deleting file "Debug\opengl.unsuccessfulbuild".
         Touching "Debug\opengl.lastbuildstate".
     1>Done Building Project "c:\Users\Rob\documents\visual studio 2010\Projects\opengl\opengl\opengl.vcxproj" (build target(s)).

Build succeeded.

Time Elapsed 00:00:01.43
